E:\プログラミング～OpenGL～\SpaceShooting\Debug\cl.command.1.tlog
E:\プログラミング～OpenGL～\SpaceShooting\Debug\CL.read.1.tlog
E:\プログラミング～OpenGL～\SpaceShooting\Debug\CL.write.1.tlog
E:\プログラミング～OPENGL～\SPACESHOOTING\DEBUG\DRAW.OBJ
E:\プログラミング～OPENGL～\SPACESHOOTING\DEBUG\INIT.OBJ
E:\プログラミング～OpenGL～\SpaceShooting\Debug\link.10220.read.1.tlog
E:\プログラミング～OpenGL～\SpaceShooting\Debug\link.10220.write.1.tlog
E:\プログラミング～OpenGL～\SpaceShooting\Debug\link.1088.read.1.tlog
E:\プログラミング～OpenGL～\SpaceShooting\Debug\link.1088.write.1.tlog
E:\プログラミング～OpenGL～\SpaceShooting\Debug\link.4452.read.1.tlog
E:\プログラミング～OpenGL～\SpaceShooting\Debug\link.4452.write.1.tlog
E:\プログラミング～OpenGL～\SpaceShooting\Debug\link.7248.read.1.tlog
E:\プログラミング～OpenGL～\SpaceShooting\Debug\link.7248.write.1.tlog
E:\プログラミング～OpenGL～\SpaceShooting\Debug\link.7712.read.1.tlog
E:\プログラミング～OpenGL～\SpaceShooting\Debug\link.7712.write.1.tlog
E:\プログラミング～OpenGL～\SpaceShooting\Debug\link.8180.read.1.tlog
E:\プログラミング～OpenGL～\SpaceShooting\Debug\link.8180.write.1.tlog
E:\プログラミング～OpenGL～\SpaceShooting\Debug\link.9156.read.1.tlog
E:\プログラミング～OpenGL～\SpaceShooting\Debug\link.9156.write.1.tlog
E:\プログラミング～OpenGL～\SpaceShooting\Debug\link.command.1.tlog
E:\プログラミング～OpenGL～\SpaceShooting\Debug\link.read.1.tlog
E:\プログラミング～OpenGL～\SpaceShooting\Debug\link.write.1.tlog
E:\プログラミング～OPENGL～\SPACESHOOTING\DEBUG\MAIN.OBJ
E:\プログラミング～OpenGL～\SpaceShooting\Debug\mt.command.1.tlog
E:\プログラミング～OpenGL～\SpaceShooting\Debug\mt.read.1.tlog
E:\プログラミング～OpenGL～\SpaceShooting\Debug\mt.write.1.tlog
E:\プログラミング～OPENGL～\SPACESHOOTING\DEBUG\PPM.OBJ
E:\プログラミング～OPENGL～\SPACESHOOTING\DEBUG\RAW.OBJ
E:\プログラミング～OPENGL～\SPACESHOOTING\DEBUG\SPACESHOOTING.EXE
E:\プログラミング～OPENGL～\SPACESHOOTING\DEBUG\SPACESHOOTING.EXE.INTERMEDIATE.MANIFEST
E:\プログラミング～OpenGL～\SpaceShooting\Debug\SpaceShooting.exe.manifest
E:\プログラミング～OPENGL～\SPACESHOOTING\DEBUG\SPACESHOOTING.ILK
E:\プログラミング～OPENGL～\SPACESHOOTING\DEBUG\SPACESHOOTING.PDB
E:\プログラミング～OpenGL～\SpaceShooting\Debug\SpaceShooting.vcxprojResolveAssemblyReference.cache
E:\プログラミング～OpenGL～\SpaceShooting\Debug\SpaceShooting.write.1.tlog
E:\プログラミング～OPENGL～\SPACESHOOTING\DEBUG\TEXTURE.OBJ
E:\プログラミング～OpenGL～\SpaceShooting\Debug\vc100.idb
E:\プログラミング～OPENGL～\SPACESHOOTING\DEBUG\VC100.PDB
I:\プログラミング～OPENGL～\SPACESHOOTING\DEBUG\DRAW.OBJ
I:\プログラミング～OPENGL～\SPACESHOOTING\DEBUG\INIT.OBJ
I:\プログラミング～OPENGL～\SPACESHOOTING\DEBUG\MAIN.OBJ
I:\プログラミング～OPENGL～\SPACESHOOTING\DEBUG\PPM.OBJ
I:\プログラミング～OPENGL～\SPACESHOOTING\DEBUG\RAW.OBJ
I:\プログラミング～OPENGL～\SPACESHOOTING\DEBUG\SPACESHOOTING.EXE
I:\プログラミング～OPENGL～\SPACESHOOTING\DEBUG\SPACESHOOTING.EXE.INTERMEDIATE.MANIFEST
I:\プログラミング～OPENGL～\SPACESHOOTING\DEBUG\SPACESHOOTING.EXE.MANIFEST
I:\プログラミング～OPENGL～\SPACESHOOTING\DEBUG\SPACESHOOTING.ILK
I:\プログラミング～OPENGL～\SPACESHOOTING\DEBUG\SPACESHOOTING.PDB
I:\プログラミング～OPENGL～\SPACESHOOTING\DEBUG\TEXTURE.OBJ
I:\プログラミング～OPENGL～\SPACESHOOTING\DEBUG\VC100.PDB
